Arguments: 
  /usr/local/bin/node /opt/yarn-v1.22.19/bin/yarn.js add nk-req-page

PATH: 
  /project/home/numeric4/.local/state/fnm_multishells/4950_1694423092923/bin:/usr/share/fnm:/usr/local/sbin:/usr/local/bin:/usr/sbin:/usr/bin:/sbin:/bin

Yarn version: 
  1.22.19

Node version: 
  16.17.0

Platform: 
  linux x64

Trace: 
  Error: https://registry.yarnpkg.com/nk-req-page: Not found
      at Request.params.callback [as _callback] (/opt/yarn-v1.22.19/lib/cli.js:66145:18)
      at Request.self.callback (/opt/yarn-v1.22.19/lib/cli.js:140890:22)
      at Request.emit (node:events:513:28)
      at Request.<anonymous> (/opt/yarn-v1.22.19/lib/cli.js:141862:10)
      at Request.emit (node:events:513:28)
      at IncomingMessage.<anonymous> (/opt/yarn-v1.22.19/lib/cli.js:141784:12)
      at Object.onceWrapper (node:events:627:28)
      at IncomingMessage.emit (node:events:525:35)
      at endReadableNT (node:internal/streams/readable:1358:12)
      at processTicksAndRejections (node:internal/process/task_queues:83:21)

npm manifest: 
  No manifest

yarn manifest: 
  No manifest

Lockfile: 
  No lockfile
